2024-11-04 07:58:23,450 INFO [default] ArcAngel: all fine
2024-11-04 07:58:23,451 INFO [default] ArcAngel: successfull collect file: res://story/project_settings.json
2024-11-04 07:58:23,451 INFO [default] SimpleGameController: start unload room
2024-11-04 07:58:23,451 INFO [default] SimpleGameController: current room is null
2024-11-04 07:58:23,617 INFO [default] SimpleGameController: setting scene
2024-11-04 07:58:23,617 INFO [default] ModelEntity: set new entity
2024-11-04 07:58:23,617 INFO [default] ModelEntity: end set new entity
2024-11-04 07:58:23,617 INFO [default] ModelEntity: set new entity
2024-11-04 07:58:23,618 INFO [default] ModelEntity: end set new entity
2024-11-04 07:58:23,618 INFO [default] ModelEntity: set new entity
2024-11-04 07:58:23,618 INFO [default] ModelEntity: end set new entity
2024-11-04 07:58:23,618 INFO [default] ModelEntity: set new entity
2024-11-04 07:58:23,618 INFO [default] ModelEntity: end set new entity
2024-11-04 07:58:23,618 INFO [default] SuperClock: new day
2024-11-04 07:58:23,618 INFO [default] SuperClock: update pull
2024-11-04 07:58:23,618 INFO [default] SuperClock: update custommer
2024-11-04 07:58:23,618 INFO [default] SuperClock: update quest
2024-11-04 07:58:23,618 INFO [default] SuperClock: stage 1
2024-11-04 07:58:23,619 INFO [default] SuperClock: stage 2
2024-11-04 07:58:23,619 INFO [default] SuperClock: stage 3
2024-11-04 07:58:23,619 INFO [default] SuperClock: stage 4
2024-11-04 07:58:23,619 INFO [default] SuperClock: stage 5
2024-11-04 07:58:23,619 INFO [default] SuperClock: stage 6
2024-11-04 07:58:23,619 INFO [default] SuperClock: stage 7
2024-11-04 07:58:23,619 INFO [default] SuperClock: stage 8
2024-11-04 07:58:23,619 INFO [default] SuperClock: stage 9
2024-11-04 07:58:23,619 INFO [default] SuperClock: stage 10
2024-11-04 07:58:23,619 INFO [default] SuperClock: stage 3
2024-11-04 07:58:23,619 INFO [default] SuperClock: stage 4
2024-11-04 07:58:23,619 INFO [default] SuperClock: stage 5
2024-11-04 07:58:23,619 INFO [default] SuperClock: stage 6
2024-11-04 07:58:23,619 INFO [default] SuperClock: stage 7
2024-11-04 07:58:23,619 INFO [default] SuperClock: stage 8
2024-11-04 07:58:23,619 INFO [default] SuperClock: stage 9
2024-11-04 07:58:23,619 INFO [default] SuperClock: stage 10
2024-11-04 07:58:23,619 INFO [default] SuperClock: stage 3
2024-11-04 07:58:23,619 INFO [default] SuperClock: stage 4
2024-11-04 07:58:23,619 INFO [default] SuperClock: stage 5
2024-11-04 07:58:23,619 INFO [default] SuperClock: stage 6
2024-11-04 07:58:23,619 INFO [default] SuperClock: stage 7
2024-11-04 07:58:23,619 INFO [default] SuperClock: stage 8
2024-11-04 07:58:23,619 INFO [default] SuperClock: stage 9
2024-11-04 07:58:23,619 INFO [default] SuperClock: stage 10
2024-11-04 07:58:23,619 INFO [default] SuperClock: all updated!
2024-11-04 07:58:23,619 INFO [default] SimpleGameController: scene spawning
2024-11-04 07:58:23,619 INFO [default] SingleHeroScene: scene init
2024-11-04 07:58:23,619 INFO [default] SingleHeroScene: start load entity
2024-11-04 07:58:23,619 INFO [default] SingleHeroScene: start load entity size: 0
2024-11-04 07:58:23,619 INFO [default] SingleHeroScene: entity loaded
2024-11-04 07:58:48,324 INFO [default] SuperClock: new day
2024-11-04 07:58:48,324 INFO [default] SuperClock: update pull
2024-11-04 07:58:48,324 INFO [default] SuperClock: update custommer
2024-11-04 07:58:48,324 INFO [default] SuperClock: update quest
2024-11-04 07:58:48,324 INFO [default] SuperClock: stage 1
2024-11-04 07:58:48,324 INFO [default] SuperClock: stage 2
2024-11-04 07:58:48,324 INFO [default] SuperClock: stage 3
2024-11-04 07:58:48,324 INFO [default] SuperClock: stage 4
2024-11-04 07:58:48,324 INFO [default] SuperClock: stage 5
2024-11-04 07:58:48,324 INFO [default] SuperClock: stage 6
2024-11-04 07:58:48,324 INFO [default] SuperClock: stage 7
2024-11-04 07:58:48,324 INFO [default] SuperClock: stage 8
2024-11-04 07:58:48,324 INFO [default] SuperClock: stage 9
2024-11-04 07:58:48,324 INFO [default] SuperClock: stage 10
2024-11-04 07:58:48,324 INFO [default] SuperClock: stage 3
2024-11-04 07:58:48,324 INFO [default] SuperClock: stage 4
2024-11-04 07:58:48,324 INFO [default] SuperClock: stage 5
2024-11-04 07:58:48,324 INFO [default] SuperClock: stage 6
2024-11-04 07:58:48,324 INFO [default] SuperClock: stage 7
2024-11-04 07:58:48,324 INFO [default] SuperClock: stage 8
2024-11-04 07:58:48,324 INFO [default] SuperClock: stage 9
2024-11-04 07:58:48,324 INFO [default] SuperClock: stage 10
2024-11-04 07:58:48,324 INFO [default] SuperClock: stage 3
2024-11-04 07:58:48,324 INFO [default] SuperClock: stage 4
2024-11-04 07:58:48,324 INFO [default] SuperClock: stage 5
2024-11-04 07:58:48,324 INFO [default] SuperClock: stage 6
2024-11-04 07:58:48,324 INFO [default] SuperClock: stage 7
2024-11-04 07:58:48,324 INFO [default] SuperClock: stage 8
2024-11-04 07:58:48,324 INFO [default] SuperClock: stage 9
2024-11-04 07:58:48,324 INFO [default] SuperClock: stage 10
2024-11-04 07:58:48,324 INFO [default] SuperClock: stage 3
2024-11-04 07:58:48,324 INFO [default] SuperClock: stage 4
2024-11-04 07:58:48,324 INFO [default] SuperClock: stage 5
2024-11-04 07:58:48,324 INFO [default] SuperClock: stage 6
2024-11-04 07:58:48,324 INFO [default] SuperClock: stage 7
2024-11-04 07:58:48,324 INFO [default] SuperClock: stage 8
2024-11-04 07:58:48,324 INFO [default] SuperClock: stage 9
2024-11-04 07:59:23,617 INFO [default] ArcAngel: all fine
2024-11-04 07:59:23,619 INFO [default] ArcAngel: successfull collect file: res://story/project_settings.json
2024-11-04 07:59:23,620 INFO [default] SimpleGameController: start unload room
2024-11-04 07:59:23,620 INFO [default] SimpleGameController: current room is null
2024-11-04 07:59:23,788 INFO [default] SimpleGameController: setting scene
2024-11-04 07:59:23,834 INFO [default] ModelEntity: set new entity
2024-11-04 07:59:23,834 INFO [default] ModelEntity: end set new entity
2024-11-04 07:59:23,839 INFO [default] ModelEntity: set new entity
2024-11-04 07:59:23,839 INFO [default] ModelEntity: end set new entity
2024-11-04 07:59:23,843 INFO [default] ModelEntity: set new entity
2024-11-04 07:59:23,843 INFO [default] ModelEntity: end set new entity
2024-11-04 07:59:23,850 INFO [default] ModelEntity: set new entity
2024-11-04 07:59:23,850 INFO [default] ModelEntity: end set new entity
2024-11-04 07:59:23,851 INFO [default] SuperClock: new day
2024-11-04 07:59:23,851 INFO [default] SuperClock: update pull
2024-11-04 07:59:23,853 INFO [default] SuperClock: update custommer
2024-11-04 07:59:23,858 INFO [default] SuperClock: update quest
2024-11-04 07:59:23,859 INFO [default] SuperClock: stage 1
2024-11-04 07:59:23,863 INFO [default] SuperClock: stage 2
2024-11-04 07:59:23,864 INFO [default] SuperClock: stage 3
2024-11-04 07:59:23,864 INFO [default] SuperClock: stage 4
2024-11-04 07:59:23,864 INFO [default] SuperClock: stage 5
2024-11-04 07:59:23,865 INFO [default] SuperClock: stage 6
2024-11-04 07:59:23,865 INFO [default] SuperClock: stage 7
2024-11-04 07:59:23,865 INFO [default] SuperClock: stage 8
2024-11-04 07:59:23,866 INFO [default] SuperClock: stage 9
2024-11-04 07:59:23,869 INFO [default] SuperClock: stage 10
2024-11-04 07:59:23,869 INFO [default] SuperClock: stage 3
2024-11-04 07:59:23,870 INFO [default] SuperClock: stage 4
2024-11-04 07:59:23,870 INFO [default] SuperClock: stage 5
2024-11-04 07:59:23,871 INFO [default] SuperClock: stage 6
2024-11-04 07:59:23,871 INFO [default] SuperClock: stage 7
2024-11-04 07:59:23,871 INFO [default] SuperClock: stage 8
2024-11-04 07:59:23,872 INFO [default] SuperClock: stage 9
2024-11-04 07:59:23,874 INFO [default] SuperClock: stage 10
2024-11-04 07:59:23,875 INFO [default] SuperClock: stage 3
2024-11-04 07:59:23,875 INFO [default] SuperClock: stage 4
2024-11-04 07:59:23,876 INFO [default] SuperClock: stage 5
2024-11-04 07:59:23,876 INFO [default] SuperClock: stage 6
2024-11-04 07:59:23,876 INFO [default] SuperClock: stage 7
2024-11-04 07:59:23,876 INFO [default] SuperClock: stage 8
2024-11-04 07:59:23,877 INFO [default] SuperClock: stage 9
2024-11-04 07:59:23,878 INFO [default] SuperClock: stage 10
2024-11-04 07:59:23,879 INFO [default] SuperClock: all updated!
2024-11-04 07:59:23,879 INFO [default] SimpleGameController: scene spawning
2024-11-04 07:59:23,879 INFO [default] SingleHeroScene: scene init
2024-11-04 07:59:23,881 INFO [default] SingleHeroScene: start load entity
2024-11-04 07:59:23,881 INFO [default] SingleHeroScene: start load entity size: 0
2024-11-04 07:59:23,882 INFO [default] SingleHeroScene: entity loaded
2024-11-04 07:59:49,924 INFO [default] SuperClock: new day
2024-11-04 07:59:49,924 INFO [default] SuperClock: update pull
2024-11-04 07:59:49,925 INFO [default] SuperClock: update custommer
2024-11-04 07:59:49,928 INFO [default] SuperClock: update quest
2024-11-04 07:59:49,929 INFO [default] SuperClock: stage 1
2024-11-04 07:59:49,933 INFO [default] SuperClock: stage 2
2024-11-04 07:59:49,933 INFO [default] SuperClock: stage 3
2024-11-04 07:59:49,933 INFO [default] SuperClock: stage 4
2024-11-04 07:59:49,934 INFO [default] SuperClock: stage 5
2024-11-04 07:59:49,934 INFO [default] SuperClock: stage 6
2024-11-04 07:59:49,935 INFO [default] SuperClock: stage 7
2024-11-04 07:59:49,935 INFO [default] SuperClock: stage 8
2024-11-04 07:59:49,936 INFO [default] SuperClock: stage 9
2024-11-04 07:59:49,937 INFO [default] SuperClock: stage 10
2024-11-04 07:59:49,938 INFO [default] SuperClock: stage 3
2024-11-04 07:59:49,938 INFO [default] SuperClock: stage 4
2024-11-04 07:59:49,939 INFO [default] SuperClock: stage 5
2024-11-04 07:59:49,939 INFO [default] SuperClock: stage 6
2024-11-04 07:59:49,940 INFO [default] SuperClock: stage 7
2024-11-04 07:59:49,940 INFO [default] SuperClock: stage 8
2024-11-04 07:59:49,940 INFO [default] SuperClock: stage 9
2024-11-04 07:59:49,943 INFO [default] SuperClock: stage 10
2024-11-04 07:59:49,944 INFO [default] SuperClock: stage 3
2024-11-04 07:59:49,944 INFO [default] SuperClock: stage 4
2024-11-04 07:59:49,945 INFO [default] SuperClock: stage 5
2024-11-04 07:59:49,945 INFO [default] SuperClock: stage 6
2024-11-04 07:59:49,945 INFO [default] SuperClock: stage 7
2024-11-04 07:59:49,946 INFO [default] SuperClock: stage 8
2024-11-04 07:59:49,946 INFO [default] SuperClock: stage 9
2024-11-04 07:59:49,948 INFO [default] SuperClock: stage 10
2024-11-04 07:59:49,948 INFO [default] SuperClock: stage 3
2024-11-04 07:59:49,949 INFO [default] SuperClock: stage 4
2024-11-04 07:59:49,949 INFO [default] SuperClock: stage 5
2024-11-04 07:59:49,949 INFO [default] SuperClock: stage 6
2024-11-04 07:59:49,950 INFO [default] SuperClock: stage 7
2024-11-04 07:59:49,950 INFO [default] SuperClock: stage 8
2024-11-04 07:59:49,950 INFO [default] SuperClock: stage 9
2024-11-04 08:01:52,637 INFO [default] ArcAngel: all fine
2024-11-04 08:01:52,641 INFO [default] ArcAngel: successfull collect file: res://story/project_settings.json
2024-11-04 08:01:52,642 INFO [default] SimpleGameController: start unload room
2024-11-04 08:01:52,642 INFO [default] SimpleGameController: current room is null
2024-11-04 08:01:52,811 INFO [default] SimpleGameController: setting scene
2024-11-04 08:01:52,858 INFO [default] ModelEntity: set new entity
2024-11-04 08:01:52,859 INFO [default] ModelEntity: end set new entity
2024-11-04 08:01:52,862 INFO [default] ModelEntity: set new entity
2024-11-04 08:01:52,863 INFO [default] ModelEntity: end set new entity
2024-11-04 08:01:52,866 INFO [default] ModelEntity: set new entity
2024-11-04 08:01:52,866 INFO [default] ModelEntity: end set new entity
2024-11-04 08:01:52,873 INFO [default] ModelEntity: set new entity
2024-11-04 08:01:52,873 INFO [default] ModelEntity: end set new entity
2024-11-04 08:01:52,874 INFO [default] SuperClock: new day
2024-11-04 08:01:52,874 INFO [default] SuperClock: update pull
2024-11-04 08:01:52,875 INFO [default] SuperClock: update custommer
2024-11-04 08:01:52,879 INFO [default] SuperClock: update quest
2024-11-04 08:01:52,880 INFO [default] SuperClock: stage 1
2024-11-04 08:01:52,882 INFO [default] SuperClock: stage 2
2024-11-04 08:01:52,883 INFO [default] SuperClock: stage 3
2024-11-04 08:01:52,883 INFO [default] SuperClock: stage 4
2024-11-04 08:01:52,883 INFO [default] SuperClock: stage 5
2024-11-04 08:01:52,885 INFO [default] SuperClock: stage 6
2024-11-04 08:01:52,885 INFO [default] SuperClock: stage 7
2024-11-04 08:01:52,886 INFO [default] SuperClock: stage 8
2024-11-04 08:01:52,886 INFO [default] SuperClock: stage 9
2024-11-04 08:01:52,888 INFO [default] SuperClock: stage 10
2024-11-04 08:01:52,888 INFO [default] SuperClock: stage 3
2024-11-04 08:01:52,888 INFO [default] SuperClock: stage 4
2024-11-04 08:01:52,889 INFO [default] SuperClock: stage 5
2024-11-04 08:01:52,889 INFO [default] SuperClock: stage 6
2024-11-04 08:01:52,890 INFO [default] SuperClock: stage 7
2024-11-04 08:01:52,890 INFO [default] SuperClock: stage 8
2024-11-04 08:01:52,891 INFO [default] SuperClock: stage 9
2024-11-04 08:01:52,892 INFO [default] SuperClock: stage 10
2024-11-04 08:01:52,893 INFO [default] SuperClock: stage 3
2024-11-04 08:01:52,893 INFO [default] SuperClock: stage 4
2024-11-04 08:01:52,894 INFO [default] SuperClock: stage 5
2024-11-04 08:01:52,894 INFO [default] SuperClock: stage 6
2024-11-04 08:01:52,894 INFO [default] SuperClock: stage 7
2024-11-04 08:01:52,895 INFO [default] SuperClock: stage 8
2024-11-04 08:01:52,895 INFO [default] SuperClock: stage 9
2024-11-04 08:01:52,896 INFO [default] SuperClock: stage 10
2024-11-04 08:01:52,897 INFO [default] SuperClock: all updated!
2024-11-04 08:01:52,897 INFO [default] SimpleGameController: scene spawning
2024-11-04 08:01:52,897 INFO [default] SingleHeroScene: scene init
2024-11-04 08:01:52,899 INFO [default] SingleHeroScene: start load entity
2024-11-04 08:01:52,899 INFO [default] SingleHeroScene: start load entity size: 0
2024-11-04 08:01:52,900 INFO [default] SingleHeroScene: entity loaded
2024-11-04 08:02:29,733 INFO [default] ArcAngel: all fine
2024-11-04 08:02:29,736 INFO [default] ArcAngel: successfull collect file: res://story/project_settings.json
2024-11-04 08:02:29,736 INFO [default] SimpleGameController: start unload room
2024-11-04 08:02:29,737 INFO [default] SimpleGameController: current room is null
2024-11-04 08:02:29,904 INFO [default] SimpleGameController: setting scene
2024-11-04 08:02:29,951 INFO [default] ModelEntity: set new entity
2024-11-04 08:02:29,952 INFO [default] ModelEntity: end set new entity
2024-11-04 08:02:29,956 INFO [default] ModelEntity: set new entity
2024-11-04 08:02:29,957 INFO [default] ModelEntity: end set new entity
2024-11-04 08:02:29,960 INFO [default] ModelEntity: set new entity
2024-11-04 08:02:29,960 INFO [default] ModelEntity: end set new entity
2024-11-04 08:02:29,966 INFO [default] ModelEntity: set new entity
2024-11-04 08:02:29,967 INFO [default] ModelEntity: end set new entity
2024-11-04 08:02:29,968 INFO [default] SuperClock: new day
2024-11-04 08:02:29,968 INFO [default] SuperClock: update pull
2024-11-04 08:02:29,969 INFO [default] SuperClock: update custommer
2024-11-04 08:02:29,973 INFO [default] SuperClock: update quest
2024-11-04 08:02:29,973 INFO [default] SuperClock: stage 1
2024-11-04 08:02:29,976 INFO [default] SuperClock: stage 2
2024-11-04 08:02:29,977 INFO [default] SuperClock: stage 3
2024-11-04 08:02:29,977 INFO [default] SuperClock: stage 4
2024-11-04 08:02:29,978 INFO [default] SuperClock: stage 5
2024-11-04 08:02:29,978 INFO [default] SuperClock: stage 6
2024-11-04 08:02:29,978 INFO [default] SuperClock: stage 7
2024-11-04 08:02:29,979 INFO [default] SuperClock: stage 8
2024-11-04 08:02:29,979 INFO [default] SuperClock: stage 9
2024-11-04 08:02:29,981 INFO [default] SuperClock: stage 10
2024-11-04 08:02:29,981 INFO [default] SuperClock: stage 3
2024-11-04 08:02:29,982 INFO [default] SuperClock: stage 4
2024-11-04 08:02:29,983 INFO [default] SuperClock: stage 5
2024-11-04 08:02:29,984 INFO [default] SuperClock: stage 6
2024-11-04 08:02:29,985 INFO [default] SuperClock: stage 7
2024-11-04 08:02:29,985 INFO [default] SuperClock: stage 8
2024-11-04 08:02:29,986 INFO [default] SuperClock: stage 9
2024-11-04 08:02:29,989 INFO [default] SuperClock: stage 10
2024-11-04 08:02:29,989 INFO [default] SuperClock: stage 3
2024-11-04 08:02:29,990 INFO [default] SuperClock: stage 4
2024-11-04 08:02:29,990 INFO [default] SuperClock: stage 5
2024-11-04 08:02:29,990 INFO [default] SuperClock: stage 6
2024-11-04 08:02:29,991 INFO [default] SuperClock: stage 7
2024-11-04 08:02:29,991 INFO [default] SuperClock: stage 8
2024-11-04 08:02:29,991 INFO [default] SuperClock: stage 9
2024-11-04 08:02:29,993 INFO [default] SuperClock: stage 10
2024-11-04 08:02:29,993 INFO [default] SuperClock: all updated!
2024-11-04 08:02:29,994 INFO [default] SimpleGameController: scene spawning
2024-11-04 08:02:29,994 INFO [default] SingleHeroScene: scene init
2024-11-04 08:02:29,996 INFO [default] SingleHeroScene: start load entity
2024-11-04 08:02:29,996 INFO [default] SingleHeroScene: start load entity size: 0
2024-11-04 08:02:29,997 INFO [default] SingleHeroScene: entity loaded
2024-11-04 08:02:54,635 INFO [default] SuperClock: new day
2024-11-04 08:02:54,635 INFO [default] SuperClock: update pull
2024-11-04 08:02:54,636 INFO [default] SuperClock: update custommer
2024-11-04 08:02:54,639 INFO [default] SuperClock: update quest
2024-11-04 08:02:54,639 INFO [default] SuperClock: stage 1
2024-11-04 08:02:54,645 INFO [default] SuperClock: stage 2
2024-11-04 08:02:54,645 INFO [default] SuperClock: stage 3
2024-11-04 08:02:54,646 INFO [default] SuperClock: stage 4
2024-11-04 08:02:54,646 INFO [default] SuperClock: stage 5
2024-11-04 08:02:54,646 INFO [default] SuperClock: stage 6
2024-11-04 08:02:54,647 INFO [default] SuperClock: stage 7
2024-11-04 08:02:54,647 INFO [default] SuperClock: stage 8
2024-11-04 08:02:54,648 INFO [default] SuperClock: stage 9
2024-11-04 08:02:54,649 INFO [default] SuperClock: stage 10
2024-11-04 08:02:54,650 INFO [default] SuperClock: stage 3
2024-11-04 08:02:54,650 INFO [default] SuperClock: stage 4
2024-11-04 08:02:54,650 INFO [default] SuperClock: stage 5
2024-11-04 08:02:54,651 INFO [default] SuperClock: stage 6
2024-11-04 08:02:54,651 INFO [default] SuperClock: stage 7
2024-11-04 08:02:54,652 INFO [default] SuperClock: stage 8
2024-11-04 08:02:54,652 INFO [default] SuperClock: stage 9
2024-11-04 08:02:54,654 INFO [default] SuperClock: stage 10
2024-11-04 08:02:54,654 INFO [default] SuperClock: stage 3
2024-11-04 08:02:54,654 INFO [default] SuperClock: stage 4
2024-11-04 08:02:54,655 INFO [default] SuperClock: stage 5
2024-11-04 08:02:54,655 INFO [default] SuperClock: stage 6
2024-11-04 08:02:54,655 INFO [default] SuperClock: stage 7
2024-11-04 08:02:54,656 INFO [default] SuperClock: stage 8
2024-11-04 08:02:54,656 INFO [default] SuperClock: stage 9
2024-11-04 08:02:54,658 INFO [default] SuperClock: stage 10
2024-11-04 08:02:54,658 INFO [default] SuperClock: stage 3
2024-11-04 08:02:54,659 INFO [default] SuperClock: stage 4
2024-11-04 08:02:54,660 INFO [default] SuperClock: stage 5
2024-11-04 08:02:54,660 INFO [default] SuperClock: stage 6
2024-11-04 08:02:54,661 INFO [default] SuperClock: stage 7
2024-11-04 08:02:54,661 INFO [default] SuperClock: stage 8
2024-11-04 08:02:54,662 INFO [default] SuperClock: stage 9
2024-11-04 08:04:25,032 INFO [default] ArcAngel: all fine
2024-11-04 08:04:25,035 INFO [default] ArcAngel: successfull collect file: res://story/project_settings.json
2024-11-04 08:04:25,035 INFO [default] SimpleGameController: start unload room
2024-11-04 08:04:25,036 INFO [default] SimpleGameController: current room is null
2024-11-04 08:04:25,204 INFO [default] SimpleGameController: setting scene
2024-11-04 08:04:25,254 INFO [default] ModelEntity: set new entity
2024-11-04 08:04:25,254 INFO [default] ModelEntity: end set new entity
2024-11-04 08:04:25,257 INFO [default] ModelEntity: set new entity
2024-11-04 08:04:25,258 INFO [default] ModelEntity: end set new entity
2024-11-04 08:04:25,261 INFO [default] ModelEntity: set new entity
2024-11-04 08:04:25,263 INFO [default] ModelEntity: end set new entity
2024-11-04 08:04:25,269 INFO [default] ModelEntity: set new entity
2024-11-04 08:04:25,270 INFO [default] ModelEntity: end set new entity
2024-11-04 08:04:25,271 INFO [default] SuperClock: new day
2024-11-04 08:04:25,271 INFO [default] SuperClock: update pull
2024-11-04 08:04:25,271 INFO [default] SuperClock: update custommer
2024-11-04 08:04:25,275 INFO [default] SuperClock: update quest
2024-11-04 08:04:25,275 INFO [default] SuperClock: stage 1
2024-11-04 08:04:25,280 INFO [default] SuperClock: stage 2
2024-11-04 08:04:25,280 INFO [default] SuperClock: stage 3
2024-11-04 08:04:25,280 INFO [default] SuperClock: stage 4
2024-11-04 08:04:25,281 INFO [default] SuperClock: stage 5
2024-11-04 08:04:25,281 INFO [default] SuperClock: stage 6
2024-11-04 08:04:25,282 INFO [default] SuperClock: stage 7
2024-11-04 08:04:25,282 INFO [default] SuperClock: stage 8
2024-11-04 08:04:25,282 INFO [default] SuperClock: stage 9
2024-11-04 08:04:25,284 INFO [default] SuperClock: stage 9.1
2024-11-04 08:04:25,284 INFO [default] SuperClock: stage 9.2
2024-11-04 08:04:25,285 INFO [default] SuperClock: stage 9.3
2024-11-04 08:04:25,285 INFO [default] SuperClock: stage 10
2024-11-04 08:04:25,286 INFO [default] SuperClock: stage 3
2024-11-04 08:04:25,286 INFO [default] SuperClock: stage 4
2024-11-04 08:04:25,287 INFO [default] SuperClock: stage 5
2024-11-04 08:04:25,287 INFO [default] SuperClock: stage 6
2024-11-04 08:04:25,288 INFO [default] SuperClock: stage 7
2024-11-04 08:04:25,288 INFO [default] SuperClock: stage 8
2024-11-04 08:04:25,288 INFO [default] SuperClock: stage 9
2024-11-04 08:04:25,290 INFO [default] SuperClock: stage 9.1
2024-11-04 08:04:25,290 INFO [default] SuperClock: stage 9.2
2024-11-04 08:04:25,291 INFO [default] SuperClock: stage 9.3
2024-11-04 08:04:25,291 INFO [default] SuperClock: stage 10
2024-11-04 08:04:25,292 INFO [default] SuperClock: stage 3
2024-11-04 08:04:25,292 INFO [default] SuperClock: stage 4
2024-11-04 08:04:25,292 INFO [default] SuperClock: stage 5
2024-11-04 08:04:25,293 INFO [default] SuperClock: stage 6
2024-11-04 08:04:25,293 INFO [default] SuperClock: stage 7
2024-11-04 08:04:25,295 INFO [default] SuperClock: stage 8
2024-11-04 08:04:25,296 INFO [default] SuperClock: stage 9
2024-11-04 08:04:25,298 INFO [default] SuperClock: stage 9.1
2024-11-04 08:04:25,298 INFO [default] SuperClock: stage 9.2
2024-11-04 08:04:25,298 INFO [default] SuperClock: stage 9.3
2024-11-04 08:04:25,299 INFO [default] SuperClock: stage 10
2024-11-04 08:04:25,299 INFO [default] SuperClock: all updated!
2024-11-04 08:04:25,300 INFO [default] SimpleGameController: scene spawning
2024-11-04 08:04:25,300 INFO [default] SingleHeroScene: scene init
2024-11-04 08:04:25,302 INFO [default] SingleHeroScene: start load entity
2024-11-04 08:04:25,302 INFO [default] SingleHeroScene: start load entity size: 0
2024-11-04 08:04:25,303 INFO [default] SingleHeroScene: entity loaded
2024-11-04 08:04:29,365 INFO [default] SuperClock: stage 9.1
2024-11-04 08:04:29,365 INFO [default] SuperClock: stage 9.2
2024-11-04 08:04:29,366 INFO [default] SuperClock: stage 9.3
2024-11-04 08:04:29,512 INFO [default] SuperClock: stage 9.1
2024-11-04 08:04:29,512 INFO [default] SuperClock: stage 9.2
2024-11-04 08:04:29,512 INFO [default] SuperClock: stage 9.3
2024-11-04 08:04:29,656 INFO [default] SuperClock: stage 9.1
2024-11-04 08:04:29,657 INFO [default] SuperClock: stage 9.2
2024-11-04 08:04:29,657 INFO [default] SuperClock: stage 9.3
2024-11-04 08:04:48,986 INFO [default] SuperClock: new day
2024-11-04 08:04:48,986 INFO [default] SuperClock: update pull
2024-11-04 08:04:48,986 INFO [default] SuperClock: update custommer
2024-11-04 08:04:48,991 INFO [default] SuperClock: update quest
2024-11-04 08:04:48,991 INFO [default] SuperClock: stage 1
2024-11-04 08:04:48,995 INFO [default] SuperClock: stage 2
2024-11-04 08:04:48,996 INFO [default] SuperClock: stage 3
2024-11-04 08:04:48,996 INFO [default] SuperClock: stage 4
2024-11-04 08:04:48,996 INFO [default] SuperClock: stage 5
2024-11-04 08:04:48,997 INFO [default] SuperClock: stage 6
2024-11-04 08:04:48,997 INFO [default] SuperClock: stage 7
2024-11-04 08:04:48,997 INFO [default] SuperClock: stage 8
2024-11-04 08:04:48,998 INFO [default] SuperClock: stage 9
2024-11-04 08:04:48,999 INFO [default] SuperClock: stage 9.1
2024-11-04 08:04:49,000 INFO [default] SuperClock: stage 9.2
2024-11-04 08:04:49,000 INFO [default] SuperClock: stage 9.3
2024-11-04 08:04:49,001 INFO [default] SuperClock: stage 10
2024-11-04 08:04:49,001 INFO [default] SuperClock: stage 3
2024-11-04 08:04:49,002 INFO [default] SuperClock: stage 4
2024-11-04 08:04:49,002 INFO [default] SuperClock: stage 5
2024-11-04 08:04:49,002 INFO [default] SuperClock: stage 6
2024-11-04 08:04:49,003 INFO [default] SuperClock: stage 7
2024-11-04 08:04:49,003 INFO [default] SuperClock: stage 8
2024-11-04 08:04:49,003 INFO [default] SuperClock: stage 9
2024-11-04 08:04:49,006 INFO [default] SuperClock: stage 9.1
2024-11-04 08:04:49,007 INFO [default] SuperClock: stage 9.2
2024-11-04 08:04:49,007 INFO [default] SuperClock: stage 9.3
2024-11-04 08:04:49,007 INFO [default] SuperClock: stage 10
2024-11-04 08:04:49,008 INFO [default] SuperClock: stage 3
2024-11-04 08:04:49,008 INFO [default] SuperClock: stage 4
2024-11-04 08:04:49,008 INFO [default] SuperClock: stage 5
2024-11-04 08:04:49,009 INFO [default] SuperClock: stage 6
2024-11-04 08:04:49,009 INFO [default] SuperClock: stage 7
2024-11-04 08:04:49,010 INFO [default] SuperClock: stage 8
2024-11-04 08:04:49,010 INFO [default] SuperClock: stage 9
2024-11-04 08:04:49,012 INFO [default] SuperClock: stage 9.1
2024-11-04 08:04:49,012 INFO [default] SuperClock: stage 9.2
2024-11-04 08:04:49,012 INFO [default] SuperClock: stage 9.3
2024-11-04 08:04:49,013 INFO [default] SuperClock: stage 10
2024-11-04 08:04:49,013 INFO [default] SuperClock: stage 3
2024-11-04 08:04:49,013 INFO [default] SuperClock: stage 4
2024-11-04 08:04:49,014 INFO [default] SuperClock: stage 5
2024-11-04 08:04:49,014 INFO [default] SuperClock: stage 6
2024-11-04 08:04:49,015 INFO [default] SuperClock: stage 7
2024-11-04 08:04:49,015 INFO [default] SuperClock: stage 8
2024-11-04 08:04:49,015 INFO [default] SuperClock: stage 9
2024-11-04 08:04:49,017 INFO [default] SuperClock: stage 9.1
2024-11-04 08:04:49,017 INFO [default] SuperClock: stage 9.2
2024-11-04 08:07:07,132 INFO [default] ArcAngel: all fine
2024-11-04 08:07:07,135 INFO [default] ArcAngel: successfull collect file: res://story/project_settings.json
2024-11-04 08:07:07,136 INFO [default] SimpleGameController: start unload room
2024-11-04 08:07:07,136 INFO [default] SimpleGameController: current room is null
2024-11-04 08:07:07,316 INFO [default] SimpleGameController: setting scene
2024-11-04 08:07:07,364 INFO [default] ModelEntity: set new entity
2024-11-04 08:07:07,365 INFO [default] ModelEntity: end set new entity
2024-11-04 08:07:07,368 INFO [default] ModelEntity: set new entity
2024-11-04 08:07:07,368 INFO [default] ModelEntity: end set new entity
2024-11-04 08:07:07,372 INFO [default] ModelEntity: set new entity
2024-11-04 08:07:07,373 INFO [default] ModelEntity: end set new entity
2024-11-04 08:07:07,380 INFO [default] ModelEntity: set new entity
2024-11-04 08:07:07,381 INFO [default] ModelEntity: end set new entity
2024-11-04 08:07:07,382 INFO [default] SuperClock: new day
2024-11-04 08:07:07,382 INFO [default] SuperClock: update pull
2024-11-04 08:07:07,382 INFO [default] SuperClock: update custommer
2024-11-04 08:07:07,385 INFO [default] SuperClock: update quest
2024-11-04 08:07:07,386 INFO [default] SuperClock: stage 1
2024-11-04 08:07:07,389 INFO [default] SuperClock: stage 2
2024-11-04 08:07:07,389 INFO [default] SuperClock: stage 3
2024-11-04 08:07:07,391 INFO [default] SuperClock: stage 4
2024-11-04 08:07:07,391 INFO [default] SuperClock: stage 5
2024-11-04 08:07:07,392 INFO [default] SuperClock: stage 6
2024-11-04 08:07:07,392 INFO [default] SuperClock: stage 7
2024-11-04 08:07:07,393 INFO [default] SuperClock: stage 8
2024-11-04 08:07:07,393 INFO [default] SuperClock: stage 9
2024-11-04 08:07:07,395 INFO [default] SuperClock: stage 9.1
2024-11-04 08:07:07,395 INFO [default] SuperClock: stage 9.2
2024-11-04 08:07:07,395 INFO [default] SuperClock: stage 9.3
2024-11-04 08:07:07,396 INFO [default] SuperClock: stage 10
2024-11-04 08:07:07,396 INFO [default] SuperClock: stage 3
2024-11-04 08:07:07,397 INFO [default] SuperClock: stage 4
2024-11-04 08:07:07,397 INFO [default] SuperClock: stage 5
2024-11-04 08:07:07,397 INFO [default] SuperClock: stage 6
2024-11-04 08:07:07,398 INFO [default] SuperClock: stage 7
2024-11-04 08:07:07,398 INFO [default] SuperClock: stage 8
2024-11-04 08:07:07,398 INFO [default] SuperClock: stage 9
2024-11-04 08:07:07,400 INFO [default] SuperClock: stage 9.1
2024-11-04 08:07:07,401 INFO [default] SuperClock: stage 9.2
2024-11-04 08:07:07,401 INFO [default] SuperClock: stage 9.3
2024-11-04 08:07:07,401 INFO [default] SuperClock: stage 10
2024-11-04 08:07:07,402 INFO [default] SuperClock: stage 3
2024-11-04 08:07:07,402 INFO [default] SuperClock: stage 4
2024-11-04 08:07:07,402 INFO [default] SuperClock: stage 5
2024-11-04 08:07:07,403 INFO [default] SuperClock: stage 6
2024-11-04 08:07:07,403 INFO [default] SuperClock: stage 7
2024-11-04 08:07:07,404 INFO [default] SuperClock: stage 8
2024-11-04 08:07:07,406 INFO [default] SuperClock: stage 9
2024-11-04 08:07:07,408 INFO [default] SuperClock: stage 9.1
2024-11-04 08:07:07,408 INFO [default] SuperClock: stage 9.2
2024-11-04 08:07:07,409 INFO [default] SuperClock: stage 9.3
2024-11-04 08:07:07,409 INFO [default] SuperClock: stage 10
2024-11-04 08:07:07,410 INFO [default] SuperClock: all updated!
2024-11-04 08:07:07,410 INFO [default] SimpleGameController: scene spawning
2024-11-04 08:07:07,410 INFO [default] SingleHeroScene: scene init
2024-11-04 08:07:07,412 INFO [default] SingleHeroScene: start load entity
2024-11-04 08:07:07,412 INFO [default] SingleHeroScene: start load entity size: 0
2024-11-04 08:07:07,413 INFO [default] SingleHeroScene: entity loaded
2024-11-04 08:07:08,849 INFO [default] SuperClock: stage 9.1
2024-11-04 08:07:08,849 INFO [default] SuperClock: stage 9.2
2024-11-04 08:07:08,850 INFO [default] SuperClock: stage 9.3
2024-11-04 08:07:09,225 INFO [default] SuperClock: stage 9.1
2024-11-04 08:07:09,226 INFO [default] SuperClock: stage 9.2
2024-11-04 08:07:09,226 INFO [default] SuperClock: stage 9.3
2024-11-04 08:07:09,579 INFO [default] SuperClock: stage 9.1
2024-11-04 08:07:09,580 INFO [default] SuperClock: stage 9.2
2024-11-04 08:07:09,580 INFO [default] SuperClock: stage 9.3
2024-11-04 08:07:20,637 INFO [default] SuperClock: new day
2024-11-04 08:07:20,637 INFO [default] SuperClock: update pull
2024-11-04 08:07:20,638 INFO [default] SuperClock: update custommer
2024-11-04 08:07:20,642 INFO [default] SuperClock: update quest
2024-11-04 08:07:20,642 INFO [default] SuperClock: stage 1
2024-11-04 08:07:20,647 INFO [default] SuperClock: stage 2
2024-11-04 08:07:20,648 INFO [default] SuperClock: stage 3
2024-11-04 08:07:20,648 INFO [default] SuperClock: stage 4
2024-11-04 08:07:20,648 INFO [default] SuperClock: stage 5
2024-11-04 08:07:20,649 INFO [default] SuperClock: stage 6
2024-11-04 08:07:20,649 INFO [default] SuperClock: stage 7
2024-11-04 08:07:20,649 INFO [default] SuperClock: stage 8
2024-11-04 08:07:20,650 INFO [default] SuperClock: stage 9
2024-11-04 08:07:20,651 INFO [default] SuperClock: stage 9.1
2024-11-04 08:07:20,651 INFO [default] SuperClock: stage 9.2
2024-11-04 08:07:20,652 INFO [default] SuperClock: stage 9.3
2024-11-04 08:07:20,652 INFO [default] SuperClock: stage 10
2024-11-04 08:07:20,652 INFO [default] SuperClock: stage 3
2024-11-04 08:07:20,653 INFO [default] SuperClock: stage 4
2024-11-04 08:07:20,653 INFO [default] SuperClock: stage 5
2024-11-04 08:07:20,653 INFO [default] SuperClock: stage 6
2024-11-04 08:07:20,654 INFO [default] SuperClock: stage 7
2024-11-04 08:07:20,654 INFO [default] SuperClock: stage 8
2024-11-04 08:07:20,655 INFO [default] SuperClock: stage 9
2024-11-04 08:07:20,656 INFO [default] SuperClock: stage 9.1
2024-11-04 08:07:20,657 INFO [default] SuperClock: stage 9.2
2024-11-04 08:07:20,657 INFO [default] SuperClock: stage 9.3
2024-11-04 08:07:20,657 INFO [default] SuperClock: stage 10
2024-11-04 08:07:20,658 INFO [default] SuperClock: stage 3
2024-11-04 08:07:20,658 INFO [default] SuperClock: stage 4
2024-11-04 08:07:20,658 INFO [default] SuperClock: stage 5
2024-11-04 08:07:20,659 INFO [default] SuperClock: stage 6
2024-11-04 08:07:20,659 INFO [default] SuperClock: stage 7
2024-11-04 08:07:20,660 INFO [default] SuperClock: stage 8
2024-11-04 08:07:20,661 INFO [default] SuperClock: stage 9
2024-11-04 08:07:20,663 INFO [default] SuperClock: stage 9.1
2024-11-04 08:07:20,663 INFO [default] SuperClock: stage 9.2
2024-11-04 08:07:20,664 INFO [default] SuperClock: stage 9.3
2024-11-04 08:07:20,664 INFO [default] SuperClock: stage 10
2024-11-04 08:07:20,664 INFO [default] SuperClock: stage 3
2024-11-04 08:07:20,665 INFO [default] SuperClock: stage 4
2024-11-04 08:07:20,665 INFO [default] SuperClock: stage 5
2024-11-04 08:07:20,666 INFO [default] SuperClock: stage 6
2024-11-04 08:07:20,666 INFO [default] SuperClock: stage 7
2024-11-04 08:07:20,666 INFO [default] SuperClock: stage 8
2024-11-04 08:07:20,667 INFO [default] SuperClock: stage 9
2024-11-04 08:07:20,668 INFO [default] SuperClock: stage 9.1
2024-11-04 08:07:20,669 INFO [default] SuperClock: stage 9.2
2024-11-04 08:07:20,669 INFO [default] SuperClock: stage 9.3
2024-11-04 08:07:20,669 INFO [default] SuperClock: stage 10
2024-11-04 08:07:20,670 INFO [default] SuperClock: stage 3
2024-11-04 08:07:20,670 INFO [default] SuperClock: stage 4
2024-11-04 08:07:20,671 INFO [default] SuperClock: stage 5
2024-11-04 08:07:20,671 INFO [default] SuperClock: stage 6
2024-11-04 08:07:20,671 INFO [default] SuperClock: stage 7
2024-11-04 08:07:20,672 INFO [default] SuperClock: stage 8
2024-11-04 08:07:20,672 INFO [default] SuperClock: stage 9
2024-11-04 08:07:20,674 INFO [default] SuperClock: stage 9.1
2024-11-04 08:07:20,674 INFO [default] SuperClock: stage 9.2
2024-11-04 08:07:20,674 INFO [default] SuperClock: stage 9.3
2024-11-04 08:07:20,675 INFO [default] SuperClock: stage 10
2024-11-04 08:07:20,675 INFO [default] SuperClock: stage 3
2024-11-04 08:07:20,676 INFO [default] SuperClock: stage 4
2024-11-04 08:07:20,677 INFO [default] SuperClock: stage 5
2024-11-04 08:07:20,677 INFO [default] SuperClock: stage 6
2024-11-04 08:07:20,678 INFO [default] SuperClock: stage 7
2024-11-04 08:07:20,678 INFO [default] SuperClock: stage 8
2024-11-04 08:07:20,679 INFO [default] SuperClock: stage 9
2024-11-04 08:07:20,680 INFO [default] SuperClock: stage 9.1
2024-11-04 08:07:20,680 INFO [default] SuperClock: stage 9.2
2024-11-04 08:07:20,681 INFO [default] SuperClock: stage 9.3
2024-11-04 08:07:20,681 INFO [default] SuperClock: stage 10
2024-11-04 08:07:20,682 INFO [default] SuperClock: all updated!
2024-11-04 08:24:15,889 INFO [default] ArcAngel: all fine
2024-11-04 08:24:15,892 INFO [default] ArcAngel: successfull collect file: res://story/project_settings.json
2024-11-04 08:24:15,893 INFO [default] SimpleGameController: start unload room
2024-11-04 08:24:15,893 INFO [default] SimpleGameController: current room is null
2024-11-04 08:24:16,063 INFO [default] SimpleGameController: setting scene
2024-11-04 08:24:16,111 INFO [default] ModelEntity: set new entity
2024-11-04 08:24:16,112 INFO [default] ModelEntity: end set new entity
2024-11-04 08:24:16,115 INFO [default] ModelEntity: set new entity
2024-11-04 08:24:16,115 INFO [default] ModelEntity: end set new entity
2024-11-04 08:24:16,120 INFO [default] ModelEntity: set new entity
2024-11-04 08:24:16,120 INFO [default] ModelEntity: end set new entity
2024-11-04 08:24:16,128 INFO [default] ModelEntity: set new entity
2024-11-04 08:24:16,128 INFO [default] ModelEntity: end set new entity
2024-11-04 08:24:16,132 INFO [default] SuperClock: stage 1
2024-11-04 08:24:16,140 INFO [default] SimpleGameController: scene spawning
2024-11-04 08:24:16,141 INFO [default] SingleHeroScene: scene init
2024-11-04 08:24:16,143 INFO [default] SingleHeroScene: start load entity
2024-11-04 08:24:16,143 INFO [default] SingleHeroScene: start load entity size: 0
2024-11-04 08:24:16,144 INFO [default] SingleHeroScene: entity loaded
2024-11-04 08:24:35,567 INFO [default] SuperClock: stage 1
